[debug] [2024-04-06T00:28:18.261Z] ----------------------------------------------------------------------
[debug] [2024-04-06T00:28:18.264Z] Command:       /usr/local/bin/node /usr/local/bin/firebase init
[debug] [2024-04-06T00:28:18.265Z] CLI Version:   11.19.0
[debug] [2024-04-06T00:28:18.265Z] Platform:      darwin
[debug] [2024-04-06T00:28:18.266Z] Node Version:  v16.12.0
[debug] [2024-04-06T00:28:18.268Z] Time:          Fri Apr 05 2024 21:28:18 GMT-0300 (Argentina Standard Time)
[debug] [2024-04-06T00:28:18.269Z] ----------------------------------------------------------------------
[debug] 
[debug] [2024-04-06T00:28:18.273Z] >>> [apiv2][query] GET https://firebase-public.firebaseio.com/cli.json [none]
[debug] [2024-04-06T00:28:18.308Z] > command requires scopes: ["email","openid","https://www.googleapis.com/auth/cloudplatformprojects.readonly","https://www.googleapis.com/auth/firebase","https://www.googleapis.com/auth/cloud-platform"]
[debug] [2024-04-06T00:28:18.309Z] > authorizing via signed-in user (rodrigogomez548@gmail.com)
[info] 
     ######## #### ########  ######## ########     ###     ######  ########
     ##        ##  ##     ## ##       ##     ##  ##   ##  ##       ##
     ######    ##  ########  ######   ########  #########  ######  ######
     ##        ##  ##    ##  ##       ##     ## ##     ##       ## ##
     ##       #### ##     ## ######## ########  ##     ##  ######  ########

You're about to initialize a Firebase project in this directory:

  /Users/rodrigo/Desktop/LifeTrack

[debug] [2024-04-06T00:28:18.705Z] <<< [apiv2][status] GET https://firebase-public.firebaseio.com/cli.json 200
[debug] [2024-04-06T00:28:18.706Z] <<< [apiv2][body] GET https://firebase-public.firebaseio.com/cli.json {"cloudBuildErrorAfter":1594252800000,"cloudBuildWarnAfter":1590019200000,"defaultNode10After":1594252800000,"minVersion":"3.0.5","node8DeploysDisabledAfter":1613390400000,"node8RuntimeDisabledAfter":1615809600000,"node8WarnAfter":1600128000000}
[debug] [2024-04-06T00:38:40.925Z] ----------------------------------------------------------------------
[debug] [2024-04-06T00:38:40.930Z] Command:       /usr/local/bin/node /usr/local/bin/firebase init
[debug] [2024-04-06T00:38:40.931Z] CLI Version:   11.19.0
[debug] [2024-04-06T00:38:40.932Z] Platform:      darwin
[debug] [2024-04-06T00:38:40.932Z] Node Version:  v16.12.0
[debug] [2024-04-06T00:38:40.934Z] Time:          Fri Apr 05 2024 21:38:40 GMT-0300 (Argentina Standard Time)
[debug] [2024-04-06T00:38:40.935Z] ----------------------------------------------------------------------
[debug] 
[debug] [2024-04-06T00:38:40.946Z] > command requires scopes: ["email","openid","https://www.googleapis.com/auth/cloudplatformprojects.readonly","https://www.googleapis.com/auth/firebase","https://www.googleapis.com/auth/cloud-platform"]
[debug] [2024-04-06T00:38:40.946Z] > authorizing via signed-in user (rodrigogomez548@gmail.com)
[info] 
     ######## #### ########  ######## ########     ###     ######  ########
     ##        ##  ##     ## ##       ##     ##  ##   ##  ##       ##
     ######    ##  ########  ######   ########  #########  ######  ######
     ##        ##  ##    ##  ##       ##     ## ##     ##       ## ##
     ##       #### ##     ## ######## ########  ##     ##  ######  ########

You're about to initialize a Firebase project in this directory:

  /Users/rodrigo/Desktop/LifeTrack

[info] 
=== Project Setup
[info] 
[info] First, let's associate this project directory with a Firebase project.
[info] You can create multiple project aliases by running firebase use --add, 
[info] but for now we'll just set up a default project.
[info] 
[debug] [2024-04-06T00:40:10.773Z] > refreshing access token with scopes: []
[debug] [2024-04-06T00:40:10.776Z] >>> [apiv2][query] POST https://www.googleapis.com/oauth2/v3/token [none]
[debug] [2024-04-06T00:40:10.776Z] >>> [apiv2][body] POST https://www.googleapis.com/oauth2/v3/token [omitted]
[debug] [2024-04-06T00:40:10.924Z] <<< [apiv2][status] POST https://www.googleapis.com/oauth2/v3/token 400
[debug] [2024-04-06T00:40:10.924Z] <<< [apiv2][body] POST https://www.googleapis.com/oauth2/v3/token [omitted]
[debug] [2024-04-06T00:40:10.925Z] >>> [apiv2][query] GET https://firebase.googleapis.com/v1beta1/projects pageSize=100
[debug] [2024-04-06T00:40:11.034Z] <<< [apiv2][status] GET https://firebase.googleapis.com/v1beta1/projects 401
[debug] [2024-04-06T00:40:11.034Z] <<< [apiv2][body] GET https://firebase.googleapis.com/v1beta1/projects [omitted]
[debug] [2024-04-06T00:40:11.035Z] HTTP Error: 401, Request had invalid authentication credentials. Expected OAuth 2 access token, login cookie or other valid authentication credential. See https://developers.google.com/identity/sign-in/web/devconsole-project.
[debug] [2024-04-06T00:40:11.134Z] FirebaseError: HTTP Error: 401, Request had invalid authentication credentials. Expected OAuth 2 access token, login cookie or other valid authentication credential. See https://developers.google.com/identity/sign-in/web/devconsole-project.
    at responseToError (/usr/local/lib/node_modules/firebase-tools/lib/responseToError.js:49:12)
    at RetryOperation._fn (/usr/local/lib/node_modules/firebase-tools/lib/apiv2.js:288:77)
    at processTicksAndRejections (node:internal/process/task_queues:96:5)
[error] 
[error] Error: Failed to list Firebase projects. See firebase-debug.log for more info.
[debug] [2024-04-06T00:40:19.209Z] ----------------------------------------------------------------------
[debug] [2024-04-06T00:40:19.212Z] Command:       /usr/local/bin/node /usr/local/bin/firebase init
[debug] [2024-04-06T00:40:19.212Z] CLI Version:   11.19.0
[debug] [2024-04-06T00:40:19.212Z] Platform:      darwin
[debug] [2024-04-06T00:40:19.213Z] Node Version:  v16.12.0
[debug] [2024-04-06T00:40:19.214Z] Time:          Fri Apr 05 2024 21:40:19 GMT-0300 (Argentina Standard Time)
[debug] [2024-04-06T00:40:19.215Z] ----------------------------------------------------------------------
[debug] 
[debug] [2024-04-06T00:40:19.222Z] > command requires scopes: ["email","openid","https://www.googleapis.com/auth/cloudplatformprojects.readonly","https://www.googleapis.com/auth/firebase","https://www.googleapis.com/auth/cloud-platform"]
[debug] [2024-04-06T00:40:19.223Z] > authorizing via signed-in user (rodrigogomez548@gmail.com)
[info] 
     ######## #### ########  ######## ########     ###     ######  ########
     ##        ##  ##     ## ##       ##     ##  ##   ##  ##       ##
     ######    ##  ########  ######   ########  #########  ######  ######
     ##        ##  ##    ##  ##       ##     ## ##     ##       ## ##
     ##       #### ##     ## ######## ########  ##     ##  ######  ########

You're about to initialize a Firebase project in this directory:

  /Users/rodrigo/Desktop/LifeTrack

[info] 
=== Project Setup
[info] 
[info] First, let's associate this project directory with a Firebase project.
[info] You can create multiple project aliases by running firebase use --add, 
[info] but for now we'll just set up a default project.
[info] 
[debug] [2024-04-06T00:40:22.636Z] > refreshing access token with scopes: []
[debug] [2024-04-06T00:40:22.639Z] >>> [apiv2][query] POST https://www.googleapis.com/oauth2/v3/token [none]
[debug] [2024-04-06T00:40:22.639Z] >>> [apiv2][body] POST https://www.googleapis.com/oauth2/v3/token [omitted]
[debug] [2024-04-06T00:40:22.766Z] <<< [apiv2][status] POST https://www.googleapis.com/oauth2/v3/token 400
[debug] [2024-04-06T00:40:22.766Z] <<< [apiv2][body] POST https://www.googleapis.com/oauth2/v3/token [omitted]
[debug] [2024-04-06T00:40:22.767Z] >>> [apiv2][query] GET https://firebase.googleapis.com/v1beta1/projects pageSize=100
[debug] [2024-04-06T00:40:22.857Z] <<< [apiv2][status] GET https://firebase.googleapis.com/v1beta1/projects 401
[debug] [2024-04-06T00:40:22.857Z] <<< [apiv2][body] GET https://firebase.googleapis.com/v1beta1/projects [omitted]
[debug] [2024-04-06T00:40:22.858Z] HTTP Error: 401, Request had invalid authentication credentials. Expected OAuth 2 access token, login cookie or other valid authentication credential. See https://developers.google.com/identity/sign-in/web/devconsole-project.
[debug] [2024-04-06T00:40:22.942Z] FirebaseError: HTTP Error: 401, Request had invalid authentication credentials. Expected OAuth 2 access token, login cookie or other valid authentication credential. See https://developers.google.com/identity/sign-in/web/devconsole-project.
    at responseToError (/usr/local/lib/node_modules/firebase-tools/lib/responseToError.js:49:12)
    at RetryOperation._fn (/usr/local/lib/node_modules/firebase-tools/lib/apiv2.js:288:77)
    at processTicksAndRejections (node:internal/process/task_queues:96:5)
[error] 
[error] Error: Failed to list Firebase projects. See firebase-debug.log for more info.
[debug] [2024-04-06T00:40:27.150Z] ----------------------------------------------------------------------
[debug] [2024-04-06T00:40:27.152Z] Command:       /usr/local/bin/node /usr/local/bin/firebase init
[debug] [2024-04-06T00:40:27.153Z] CLI Version:   11.19.0
[debug] [2024-04-06T00:40:27.153Z] Platform:      darwin
[debug] [2024-04-06T00:40:27.154Z] Node Version:  v16.12.0
[debug] [2024-04-06T00:40:27.155Z] Time:          Fri Apr 05 2024 21:40:27 GMT-0300 (Argentina Standard Time)
[debug] [2024-04-06T00:40:27.155Z] ----------------------------------------------------------------------
[debug] 
[debug] [2024-04-06T00:40:27.163Z] > command requires scopes: ["email","openid","https://www.googleapis.com/auth/cloudplatformprojects.readonly","https://www.googleapis.com/auth/firebase","https://www.googleapis.com/auth/cloud-platform"]
[debug] [2024-04-06T00:40:27.163Z] > authorizing via signed-in user (rodrigogomez548@gmail.com)
[info] 
     ######## #### ########  ######## ########     ###     ######  ########
     ##        ##  ##     ## ##       ##     ##  ##   ##  ##       ##
     ######    ##  ########  ######   ########  #########  ######  ######
     ##        ##  ##    ##  ##       ##     ## ##     ##       ## ##
     ##       #### ##     ## ######## ########  ##     ##  ######  ########

You're about to initialize a Firebase project in this directory:

  /Users/rodrigo/Desktop/LifeTrack

[info] 
=== Project Setup
[info] 
[info] First, let's associate this project directory with a Firebase project.
[info] You can create multiple project aliases by running firebase use --add, 
[info] but for now we'll just set up a default project.
[info] 
[debug] [2024-04-06T00:40:36.384Z] > refreshing access token with scopes: []
[debug] [2024-04-06T00:40:36.388Z] >>> [apiv2][query] POST https://www.googleapis.com/oauth2/v3/token [none]
[debug] [2024-04-06T00:40:36.388Z] >>> [apiv2][body] POST https://www.googleapis.com/oauth2/v3/token [omitted]
[debug] [2024-04-06T00:40:36.521Z] <<< [apiv2][status] POST https://www.googleapis.com/oauth2/v3/token 400
[debug] [2024-04-06T00:40:36.522Z] <<< [apiv2][body] POST https://www.googleapis.com/oauth2/v3/token [omitted]
[debug] [2024-04-06T00:40:36.523Z] >>> [apiv2][query] GET https://firebase.googleapis.com/v1beta1/projects pageSize=100
[debug] [2024-04-06T00:40:36.610Z] <<< [apiv2][status] GET https://firebase.googleapis.com/v1beta1/projects 401
[debug] [2024-04-06T00:40:36.610Z] <<< [apiv2][body] GET https://firebase.googleapis.com/v1beta1/projects [omitted]
[debug] [2024-04-06T00:40:36.611Z] HTTP Error: 401, Request had invalid authentication credentials. Expected OAuth 2 access token, login cookie or other valid authentication credential. See https://developers.google.com/identity/sign-in/web/devconsole-project.
[debug] [2024-04-06T00:40:36.691Z] FirebaseError: HTTP Error: 401, Request had invalid authentication credentials. Expected OAuth 2 access token, login cookie or other valid authentication credential. See https://developers.google.com/identity/sign-in/web/devconsole-project.
    at responseToError (/usr/local/lib/node_modules/firebase-tools/lib/responseToError.js:49:12)
    at RetryOperation._fn (/usr/local/lib/node_modules/firebase-tools/lib/apiv2.js:288:77)
    at processTicksAndRejections (node:internal/process/task_queues:96:5)
[error] 
[error] Error: Failed to list Firebase projects. See firebase-debug.log for more info.
